Running as unit: run-r7e5cc15ffa3a4c5ca12b75137adeec50.scope; invocation ID: 0ad3089a5fe3490fa61c30324cbd520f
[1/186] 1_1,prop_1,unsat,16.4,unsat,1.1,AGREE
[2/186] 1_2,prop_1,unsat,21.2,unsat,1.0,AGREE
[3/186] 1_3,prop_1,unsat,39.9,unsat,1.3,AGREE
[4/186] 1_4,prop_1,unsat,34.9,unsat,1.1,AGREE
[5/186] 1_5,prop_1,unsat,19.7,unsat,1.0,AGREE
[6/186] 1_6,prop_1,unsat,34.2,unsat,1.1,AGREE
[7/186] 1_7,prop_1,unsat,22.1,unsat,0.9,AGREE
[8/186] 1_8,prop_1,unsat,17.3,unsat,1.1,AGREE
[9/186] 1_9,prop_1,unsat,16.7,unsat,1.1,AGREE
[10/186] 2_1,prop_1,unsat,40.4,unsat,1.4,AGREE
[11/186] 2_2,prop_1,unsat,64.8,unsat,1.5,AGREE
[12/186] 2_3,prop_1,unsat,34.4,unsat,1.2,AGREE
[13/186] 2_4,prop_1,unsat,20.2,unsat,1.2,AGREE
[14/186] 2_5,prop_1,unsat,84.1,unsat,1.6,AGREE
[15/186] 2_6,prop_1,unsat,65.9,unsat,1.5,AGREE
[16/186] 2_7,prop_1,unsat,94.4,unsat,2.0,AGREE
[17/186] 2_8,prop_1,unsat,79.7,unsat,1.8,AGREE
[18/186] 2_9,prop_1,unsat,109.3,unsat,61.9,AGREE
[19/186] 3_1,prop_1,unsat,47.5,unsat,1.3,AGREE
[20/186] 3_2,prop_1,unsat,41.6,unsat,1.2,AGREE
[21/186] 3_3,prop_1,unsat,41.5,unsat,1.3,AGREE
[22/186] 3_4,prop_1,unsat,21.4,unsat,1.1,AGREE
[23/186] 3_5,prop_1,unsat,46.6,unsat,1.5,AGREE
[24/186] 3_6,prop_1,unsat,78.8,unsat,2.3,AGREE
[25/186] 3_7,prop_1,unsat,70.6,unsat,1.9,AGREE
[26/186] 3_8,prop_1,unsat,78.1,unsat,1.7,AGREE
[27/186] 3_9,prop_1,unsat,61.6,unsat,1.4,AGREE
[28/186] 4_1,prop_1,unsat,58.7,unsat,1.3,AGREE
[29/186] 4_2,prop_1,unsat,63.5,unsat,1.4,AGREE
[30/186] 4_3,prop_1,unsat,32.9,unsat,1.1,AGREE
[31/186] 4_4,prop_1,unsat,42.6,unsat,1.1,AGREE
[32/186] 4_5,prop_1,unsat,57.7,unsat,1.6,AGREE
[33/186] 4_6,prop_1,unsat,113.0,unsat,2.4,AGREE
[34/186] 4_7,prop_1,unsat,77.7,unsat,1.7,AGREE
[35/186] 4_8,prop_1,unsat,95.3,unsat,2.1,AGREE
[36/186] 4_9,prop_1,unsat,124.6,unsat,2.6,AGREE
[37/186] 5_1,prop_1,unsat,44.5,unsat,1.0,AGREE
[38/186] 5_2,prop_1,unsat,37.6,unsat,1.2,AGREE
[39/186] 5_3,prop_1,unsat,28.2,unsat,1.1,AGREE
[40/186] 5_4,prop_1,unsat,25.1,unsat,1.2,AGREE
[41/186] 5_5,prop_1,unsat,56.0,unsat,1.3,AGREE
[42/186] 5_6,prop_1,unsat,71.8,unsat,1.6,AGREE
[43/186] 5_7,prop_1,unsat,75.5,error,1.3,inconclusive(unsat/error)
[44/186] 5_8,prop_1,unsat,85.7,unsat,61.9,AGREE
[45/186] 5_9,prop_1,unsat,96.7,unsat,2.0,AGREE
[46/186] 1_1,prop_2,unsat,22.0,unsat,1.1,AGREE
[47/186] 1_2,prop_2,sat,5.9,sat,0.8,AGREE
[48/186] 1_3,prop_2,sat,44.0,sat,1.0,AGREE
[49/186] 1_4,prop_2,sat,11.7,sat,0.8,AGREE
[50/186] 1_5,prop_2,sat,8.5,sat,0.7,AGREE
[51/186] 1_6,prop_2,sat,8.9,sat,0.9,AGREE
[52/186] 1_7,prop_2,unsat,38.3,unsat,1.2,AGREE
[53/186] 1_8,prop_2,unsat,48.6,unsat,1.3,AGREE
[54/186] 1_9,prop_2,unsat,45.7,unsat,1.2,AGREE
[55/186] 2_1,prop_2,sat,8.0,sat,0.7,AGREE
[56/186] 2_2,prop_2,sat,11.8,sat,0.7,AGREE
[57/186] 2_3,prop_2,sat,7.3,sat,0.7,AGREE
[58/186] 2_4,prop_2,sat,3.6,sat,0.7,AGREE
[59/186] 2_5,prop_2,sat,11.3,sat,0.7,AGREE
[60/186] 2_6,prop_2,sat,10.4,sat,0.7,AGREE
[61/186] 2_7,prop_2,sat,11.8,sat,0.7,AGREE
[62/186] 2_8,prop_2,sat,7.9,sat,0.8,AGREE
[63/186] 2_9,prop_2,sat,111.9,sat,0.9,AGREE
[64/186] 3_1,prop_2,sat,5.6,sat,0.8,AGREE
[65/186] 3_2,prop_2,sat,18.1,sat,0.8,AGREE
[66/186] 3_3,prop_2,unsat,72.4,unsat,3.7,AGREE
[67/186] 3_4,prop_2,sat,9.3,sat,0.8,AGREE
[68/186] 3_5,prop_2,sat,8.6,sat,0.8,AGREE
[69/186] 3_6,prop_2,sat,4.4,sat,0.8,AGREE
[70/186] 3_7,prop_2,sat,8.4,sat,1.0,AGREE
[71/186] 3_8,prop_2,sat,4.4,sat,0.7,AGREE
[72/186] 3_9,prop_2,sat,7.1,sat,0.8,AGREE
[73/186] 4_1,prop_2,sat,11.2,sat,0.7,AGREE
[74/186] 4_2,prop_2,unsat,89.7,unsat,3.7,AGREE
[75/186] 4_3,prop_2,sat,6.1,sat,0.7,AGREE
[76/186] 4_4,prop_2,sat,8.6,sat,0.8,AGREE
[77/186] 4_5,prop_2,sat,9.3,sat,0.7,AGREE
[78/186] 4_6,prop_2,sat,4.6,sat,0.8,AGREE
[79/186] 4_7,prop_2,sat,9.1,sat,0.7,AGREE
[80/186] 4_8,prop_2,sat,18.7,sat,0.8,AGREE
[81/186] 4_9,prop_2,sat,55.2,sat,0.8,AGREE
[82/186] 5_1,prop_2,sat,6.7,sat,0.7,AGREE
[83/186] 5_2,prop_2,sat,5.3,sat,0.7,AGREE
[84/186] 5_3,prop_2,sat,40.4,sat,1.1,AGREE
[85/186] 5_4,prop_2,sat,3.0,sat,0.8,AGREE
[86/186] 5_5,prop_2,sat,6.4,sat,0.8,AGREE
[87/186] 5_6,prop_2,sat,9.4,sat,0.7,AGREE
[88/186] 5_7,prop_2,sat,14.4,sat,0.8,AGREE
[89/186] 5_8,prop_2,sat,19.7,sat,0.8,AGREE
[90/186] 5_9,prop_2,sat,13.8,sat,0.8,AGREE
[91/186] 1_1,prop_3,unsat,4.7,unsat,1.2,AGREE
[92/186] 1_2,prop_3,unsat,2.1,unsat,1.0,AGREE
[93/186] 1_3,prop_3,unsat,2.7,unsat,0.9,AGREE
[94/186] 1_4,prop_3,unsat,0.9,unsat,0.7,AGREE
[95/186] 1_5,prop_3,unsat,0.9,unsat,0.8,AGREE
[96/186] 1_6,prop_3,unsat,0.9,unsat,0.8,AGREE
[97/186] 1_7,prop_3,sat,0.9,sat,0.7,AGREE
[98/186] 1_8,prop_3,sat,0.9,sat,0.7,AGREE
[99/186] 1_9,prop_3,sat,0.9,sat,0.7,AGREE
[100/186] 2_1,prop_3,unsat,1.8,unsat,0.9,AGREE
[101/186] 2_2,prop_3,unsat,1.8,unsat,1.0,AGREE
[102/186] 2_3,prop_3,unsat,2.2,unsat,1.0,AGREE
[103/186] 2_4,prop_3,unsat,0.9,unsat,0.6,AGREE
[104/186] 2_5,prop_3,unsat,0.9,unsat,0.8,AGREE
[105/186] 2_6,prop_3,unsat,0.9,unsat,0.8,AGREE
[106/186] 2_7,prop_3,unsat,0.9,unsat,0.8,AGREE
[107/186] 2_8,prop_3,unsat,0.9,unsat,0.8,AGREE
[108/186] 2_9,prop_3,unsat,0.9,unsat,0.6,AGREE
[109/186] 3_1,prop_3,unsat,0.9,unsat,0.8,AGREE
[110/186] 3_2,prop_3,unsat,2.4,unsat,1.0,AGREE
[111/186] 3_3,prop_3,unsat,0.9,unsat,1.1,AGREE
[112/186] 3_4,prop_3,unsat,1.8,unsat,0.8,AGREE
[113/186] 3_5,prop_3,unsat,0.9,unsat,0.9,AGREE
[114/186] 3_6,prop_3,unsat,1.7,unsat,0.9,AGREE
[115/186] 3_7,prop_3,unsat,0.9,unsat,0.7,AGREE
[116/186] 3_8,prop_3,unsat,0.9,unsat,0.9,AGREE
[117/186] 3_9,prop_3,unsat,0.9,unsat,0.8,AGREE
[118/186] 4_1,prop_3,unsat,1.7,unsat,1.0,AGREE
[119/186] 4_2,prop_3,unsat,2.1,unsat,1.0,AGREE
[120/186] 4_3,prop_3,unsat,2.6,unsat,1.0,AGREE
[121/186] 4_4,prop_3,unsat,0.9,unsat,0.9,AGREE
[122/186] 4_5,prop_3,unsat,0.9,unsat,0.8,AGREE
[123/186] 4_6,prop_3,unsat,1.0,unsat,0.8,AGREE
[124/186] 4_7,prop_3,unsat,0.9,unsat,0.9,AGREE
[125/186] 4_8,prop_3,unsat,0.9,unsat,0.8,AGREE
[126/186] 4_9,prop_3,unsat,0.9,unsat,0.8,AGREE
[127/186] 5_1,prop_3,unsat,2.6,unsat,0.9,AGREE
[128/186] 5_2,prop_3,unsat,0.9,unsat,0.8,AGREE
[129/186] 5_3,prop_3,unsat,1.0,unsat,0.8,AGREE
[130/186] 5_4,prop_3,unsat,0.9,unsat,0.8,AGREE
[131/186] 5_5,prop_3,unsat,0.9,unsat,0.9,AGREE
[132/186] 5_6,prop_3,unsat,0.9,unsat,0.8,AGREE
[133/186] 5_7,prop_3,unsat,0.9,unsat,0.6,AGREE
[134/186] 5_8,prop_3,unsat,0.9,unsat,0.9,AGREE
[135/186] 5_9,prop_3,unsat,0.9,unsat,0.6,AGREE
[136/186] 1_1,prop_4,unsat,1.9,unsat,1.2,AGREE
[137/186] 1_2,prop_4,unsat,2.1,unsat,0.9,AGREE
[138/186] 1_3,prop_4,unsat,2.7,unsat,0.9,AGREE
[139/186] 1_4,prop_4,unsat,1.6,unsat,0.9,AGREE
[140/186] 1_5,prop_4,unsat,1.7,unsat,0.9,AGREE
[141/186] 1_6,prop_4,unsat,0.9,unsat,0.8,AGREE
[142/186] 1_7,prop_4,sat,0.9,sat,0.7,AGREE
[143/186] 1_8,prop_4,sat,0.9,sat,0.7,AGREE
[144/186] 1_9,prop_4,sat,0.9,sat,0.7,AGREE
[145/186] 2_1,prop_4,unsat,1.7,unsat,0.8,AGREE
[146/186] 2_2,prop_4,unsat,1.7,unsat,0.9,AGREE
[147/186] 2_3,prop_4,unsat,0.9,unsat,0.9,AGREE
[148/186] 2_4,prop_4,unsat,0.9,unsat,0.9,AGREE
[149/186] 2_5,prop_4,unsat,0.9,unsat,0.8,AGREE
[150/186] 2_6,prop_4,unsat,0.9,unsat,0.8,AGREE
[151/186] 2_7,prop_4,unsat,0.9,unsat,0.8,AGREE
[152/186] 2_8,prop_4,unsat,1.8,unsat,0.9,AGREE
[153/186] 2_9,prop_4,unsat,0.9,unsat,0.6,AGREE
[154/186] 3_1,prop_4,unsat,0.9,unsat,0.8,AGREE
[155/186] 3_2,prop_4,unsat,0.9,unsat,0.9,AGREE
[156/186] 3_3,prop_4,unsat,0.9,unsat,0.9,AGREE
[157/186] 3_4,prop_4,unsat,0.9,unsat,0.9,AGREE
[158/186] 3_5,prop_4,unsat,1.0,unsat,0.8,AGREE
[159/186] 3_6,prop_4,unsat,0.9,unsat,0.8,AGREE
[160/186] 3_7,prop_4,unsat,0.9,unsat,0.9,AGREE
[161/186] 3_8,prop_4,unsat,1.7,unsat,0.9,AGREE
[162/186] 3_9,prop_4,unsat,0.9,unsat,0.8,AGREE
[163/186] 4_1,prop_4,unsat,0.9,unsat,0.8,AGREE
[164/186] 4_2,prop_4,unsat,0.9,unsat,0.8,AGREE
[165/186] 4_3,prop_4,unsat,0.9,unsat,0.8,AGREE
[166/186] 4_4,prop_4,unsat,1.8,unsat,0.9,AGREE
[167/186] 4_5,prop_4,unsat,0.9,unsat,0.9,AGREE
[168/186] 4_6,prop_4,unsat,0.9,unsat,0.8,AGREE
[169/186] 4_7,prop_4,unsat,0.9,unsat,0.8,AGREE
[170/186] 4_8,prop_4,unsat,0.9,unsat,0.9,AGREE
[171/186] 4_9,prop_4,unsat,0.9,unsat,0.8,AGREE
[172/186] 5_1,prop_4,unsat,0.9,unsat,0.8,AGREE
[173/186] 5_2,prop_4,unsat,0.9,unsat,0.9,AGREE
[174/186] 5_3,prop_4,unsat,0.9,unsat,0.8,AGREE
[175/186] 5_4,prop_4,unsat,0.9,unsat,0.8,AGREE
[176/186] 5_5,prop_4,unsat,0.9,unsat,1.0,AGREE
[177/186] 5_6,prop_4,unsat,0.9,unsat,0.9,AGREE
[178/186] 5_7,prop_4,unsat,0.9,unsat,0.7,AGREE
[179/186] 5_8,prop_4,unsat,0.9,unsat,0.8,AGREE
[180/186] 5_9,prop_4,unsat,0.9,unsat,0.9,AGREE
[181/186] 1_1,prop_5,unsat,10.1,NORESULT,0.6,inconclusive(unsat/NORESULT)
[182/186] 1_1,prop_6,sat,3.5,NORESULT,0.6,inconclusive(sat/NORESULT)
[183/186] 1_9,prop_7,timeout,118.7,NORESULT,0.6,v3_timeout
[184/186] 2_9,prop_8,timeout,176.1,NORESULT,1.1,v3_timeout
[185/186] 3_3,prop_9,unsat,39.8,NORESULT,0.6,inconclusive(unsat/NORESULT)
[186/186] 4_5,prop_10,unsat,13.0,NORESULT,0.6,inconclusive(unsat/NORESULT)

DONE: agree=179 disagree=0 v3_timeout=2
